TN:
SF:src\components\UserTable.tsx
FN:4,paginateUsers
FN:17,(anonymous_1)
FN:43,(anonymous_2)
FN:57,(anonymous_3)
FN:61,(anonymous_4)
FN:70,(anonymous_5)
FN:80,(anonymous_6)
FNF:7
FNH:4
FNDA:2,paginateUsers
FNDA:2,(anonymous_1)
FNDA:3,(anonymous_2)
FNDA:0,(anonymous_3)
FNDA:6,(anonymous_4)
FNDA:0,(anonymous_5)
FNDA:0,(anonymous_6)
DA:2,1
DA:9,2
DA:10,2
DA:12,2
DA:13,2
DA:14,2
DA:17,1
DA:19,2
DA:20,2
DA:22,2
DA:28,2
DA:44,3
DA:58,0
DA:59,0
DA:62,6
DA:71,0
DA:81,0
LF:17
LH:13
BRDA:13,0,0,1
BRDA:13,0,1,1
BRDA:23,1,0,0
BRDA:23,1,1,2
BRDA:30,2,0,1
BRDA:30,2,1,1
BRF:6
BRH:5
end_of_record
